INFO  2021-04-07 21:43:04.572 [main] ProductController - Produto salvo com sucesso. Id '60a9cc04-1284-4629-8b31-be2ca72d529c'
INFO  2021-04-07 21:44:16.636 [http-nio-9999-exec-3] ProductController - Produto salvo com sucesso. Id '2a230a22-9b52-40af-8d79-289ca6fd7f49'
INFO  2021-04-07 22:19:15.292 [main] ProductController - Produto com id 'another-id-that-doesnt-exists' nao foi encontrado
INFO  2021-04-07 22:19:16.201 [main] ProductController - Produto com id 'another-different-id' nao foi encontrado
INFO  2021-04-07 22:19:16.470 [main] ProductController - Produtos encontrados na base de dados:'{"value":{"id":"87ee7ea1-e72c-4ab9-b418-5e0f92769aa0","name":"First product","description":"Description: test of product","price":10.5}}'
INFO  2021-04-07 22:19:16.525 [main] ProductController - Produtos encontrados na base de dados:'[{"id":"1d588d80-7d41-495c-a653-203d2dd894da","name":"First product","description":"Description: test of product","price":10.5},{"id":"31171122-dd31-45e9-944b-51c70f3e41e7","name":"Second product","description":"Description: New test of product","price":99.9}]'
INFO  2021-04-07 22:19:16.562 [main] ProductController - Produto com id 'f0435031-b73b-481f-80ba-ac2a9b0bf642' foi deletado com sucesso
INFO  2021-04-07 22:19:16.584 [main] ProductController - Dados do produto alterados com sucesso:'1'
INFO  2021-04-07 22:19:16.630 [main] ProductController - Produtos encontrados:'[{"id":"99060d84-eb96-452e-b8ef-da46b2132d14","name":"Second product","description":"Description: New test of product","price":99.9}]'
INFO  2021-04-07 22:19:16.673 [main] ProductController - Produto salvo com sucesso: '{"id":"c1cb5c54-ae42-4f7a-a81d-749b14f5a203","name":"Test","description":"Description: test of product","price":10.5}'
INFO  2021-04-07 22:32:56.640 [http-nio-9999-exec-4] ProductController - Produto salvo com sucesso: '{"id":"f80d0235-7e55-4b03-8364-e840c8ea610f","name":"Produto de Buntantan","description":"Descricao do produto: Basico","price":5.0}'
INFO  2021-04-07 22:33:46.481 [http-nio-9999-exec-9] ProductController - Produto salvo com sucesso: '{"id":"91755031-c8b5-4a95-90d2-76700c6c4302","name":"Produto de Buntantan","description":"Descricao do produto: Basico","price":5.0}'
INFO  2021-04-07 22:34:09.901 [http-nio-9999-exec-10] ProductController - Produto salvo com sucesso: '{"id":"7085c95b-3922-4636-b254-428b6d16a18e","name":"Produto do Brasil","description":"Descricao do produto: Basico","price":15.5}'
INFO  2021-04-07 22:34:35.667 [http-nio-9999-exec-7] ProductController - Produtos encontrados:'[{"id":"f80d0235-7e55-4b03-8364-e840c8ea610f","name":"Produto de Buntantan","description":"Descricao do produto: Basico","price":5.0},{"id":"91755031-c8b5-4a95-90d2-76700c6c4302","name":"Produto de Buntantan","description":"Descricao do produto: Basico","price":5.0},{"id":"7085c95b-3922-4636-b254-428b6d16a18e","name":"Produto do Brasil","description":"Descricao do produto: Basico","price":15.5}]'
INFO  2021-04-07 22:35:12.777 [http-nio-9999-exec-4] ProductController - Produto salvo com sucesso: '{"id":"d9b44adf-dff7-47f8-973c-093109ceb538","name":"Produto de Butantan","description":"Descricao do produto: Basico","price":5.5}'
INFO  2021-04-07 22:35:20.719 [http-nio-9999-exec-5] ProductController - Produto salvo com sucesso: '{"id":"99e3afee-40db-4132-b773-efca980fc4b0","name":"Produto do Brasil","description":"Descricao do produto: Basico","price":15.5}'
INFO  2021-04-07 22:35:29.806 [http-nio-9999-exec-6] ProductController - Produto salvo com sucesso: '{"id":"2eefbe20-e848-4245-b7cd-084d7fd5e696","name":"Produto de Portugal","description":"Descricao do produto: Elite","price":45.5}'
INFO  2021-04-07 22:35:38.718 [http-nio-9999-exec-7] ProductController - Produto salvo com sucesso: '{"id":"83bceded-4b90-46ea-80aa-e18952eb8eff","name":"Produto do Canada","description":"Descricao do produto: Elite","price":75.5}'
INFO  2021-04-07 22:35:51.773 [http-nio-9999-exec-10] ProductController - Produto salvo com sucesso: '{"id":"1df838c8-1c30-45db-beb9-ae46aa0d658e","name":"Produto do Brasil","description":"Descricao do produto: Pro-Elite","price":99.9}'
INFO  2021-04-07 22:36:16.650 [http-nio-9999-exec-1] ProductController - Produto salvo com sucesso: '{"id":"4996740c-8c3b-4ff7-bc6f-fb49045d0e77","name":"Produto do ddddd","description":"Descricao do produto: ddddd","price":99.9}'
INFO  2021-04-07 22:36:52.944 [http-nio-9999-exec-10] ProductController - Dados do produto alterados com sucesso:'1'
INFO  2021-04-07 22:37:23.519 [http-nio-9999-exec-1] ProductController - Produtos encontrados na base de dados:'{"value":{"id":"4996740c-8c3b-4ff7-bc6f-fb49045d0e77","name":"Produto de Konoha","description":"Descricao do produto: Pro-Elite","price":500.25}}'
INFO  2021-04-07 22:37:39.275 [http-nio-9999-exec-2] ProductController - Produtos encontrados na base de dados:'[{"id":"d9b44adf-dff7-47f8-973c-093109ceb538","name":"Produto de Butantan","description":"Descricao do produto: Basico","price":5.5},{"id":"99e3afee-40db-4132-b773-efca980fc4b0","name":"Produto do Brasil","description":"Descricao do produto: Basico","price":15.5},{"id":"2eefbe20-e848-4245-b7cd-084d7fd5e696","name":"Produto de Portugal","description":"Descricao do produto: Elite","price":45.5},{"id":"83bceded-4b90-46ea-80aa-e18952eb8eff","name":"Produto do Canada","description":"Descricao do produto: Elite","price":75.5},{"id":"1df838c8-1c30-45db-beb9-ae46aa0d658e","name":"Produto do Brasil","description":"Descricao do produto: Pro-Elite","price":99.9},{"id":"4996740c-8c3b-4ff7-bc6f-fb49045d0e77","name":"Produto de Konoha","description":"Descricao do produto: Pro-Elite","price":500.25}]'
INFO  2021-04-07 22:38:29.575 [http-nio-9999-exec-3] ProductController - Produtos encontrados:'[{"id":"d9b44adf-dff7-47f8-973c-093109ceb538","name":"Produto de Butantan","description":"Descricao do produto: Basico","price":5.5},{"id":"99e3afee-40db-4132-b773-efca980fc4b0","name":"Produto do Brasil","description":"Descricao do produto: Basico","price":15.5},{"id":"2eefbe20-e848-4245-b7cd-084d7fd5e696","name":"Produto de Portugal","description":"Descricao do produto: Elite","price":45.5},{"id":"83bceded-4b90-46ea-80aa-e18952eb8eff","name":"Produto do Canada","description":"Descricao do produto: Elite","price":75.5},{"id":"1df838c8-1c30-45db-beb9-ae46aa0d658e","name":"Produto do Brasil","description":"Descricao do produto: Pro-Elite","price":99.9},{"id":"4996740c-8c3b-4ff7-bc6f-fb49045d0e77","name":"Produto de Konoha","description":"Descricao do produto: Pro-Elite","price":500.25}]'
INFO  2021-04-07 22:38:50.335 [http-nio-9999-exec-4] ProductController - Produtos encontrados:'[]'
INFO  2021-04-07 22:39:03.860 [http-nio-9999-exec-5] ProductController - Produtos encontrados:'[{"id":"d9b44adf-dff7-47f8-973c-093109ceb538","name":"Produto de Butantan","description":"Descricao do produto: Basico","price":5.5},{"id":"99e3afee-40db-4132-b773-efca980fc4b0","name":"Produto do Brasil","description":"Descricao do produto: Basico","price":15.5},{"id":"2eefbe20-e848-4245-b7cd-084d7fd5e696","name":"Produto de Portugal","description":"Descricao do produto: Elite","price":45.5},{"id":"83bceded-4b90-46ea-80aa-e18952eb8eff","name":"Produto do Canada","description":"Descricao do produto: Elite","price":75.5},{"id":"1df838c8-1c30-45db-beb9-ae46aa0d658e","name":"Produto do Brasil","description":"Descricao do produto: Pro-Elite","price":99.9},{"id":"4996740c-8c3b-4ff7-bc6f-fb49045d0e77","name":"Produto de Konoha","description":"Descricao do produto: Pro-Elite","price":500.25}]'
INFO  2021-04-07 22:39:27.864 [http-nio-9999-exec-6] ProductController - Produtos encontrados:'[{"id":"99e3afee-40db-4132-b773-efca980fc4b0","name":"Produto do Brasil","description":"Descricao do produto: Basico","price":15.5},{"id":"2eefbe20-e848-4245-b7cd-084d7fd5e696","name":"Produto de Portugal","description":"Descricao do produto: Elite","price":45.5},{"id":"83bceded-4b90-46ea-80aa-e18952eb8eff","name":"Produto do Canada","description":"Descricao do produto: Elite","price":75.5},{"id":"1df838c8-1c30-45db-beb9-ae46aa0d658e","name":"Produto do Brasil","description":"Descricao do produto: Pro-Elite","price":99.9},{"id":"4996740c-8c3b-4ff7-bc6f-fb49045d0e77","name":"Produto de Konoha","description":"Descricao do produto: Pro-Elite","price":500.25}]'
INFO  2021-04-07 22:39:29.525 [http-nio-9999-exec-8] ProductController - Produtos encontrados:'[{"id":"99e3afee-40db-4132-b773-efca980fc4b0","name":"Produto do Brasil","description":"Descricao do produto: Basico","price":15.5},{"id":"2eefbe20-e848-4245-b7cd-084d7fd5e696","name":"Produto de Portugal","description":"Descricao do produto: Elite","price":45.5},{"id":"83bceded-4b90-46ea-80aa-e18952eb8eff","name":"Produto do Canada","description":"Descricao do produto: Elite","price":75.5},{"id":"1df838c8-1c30-45db-beb9-ae46aa0d658e","name":"Produto do Brasil","description":"Descricao do produto: Pro-Elite","price":99.9},{"id":"4996740c-8c3b-4ff7-bc6f-fb49045d0e77","name":"Produto de Konoha","description":"Descricao do produto: Pro-Elite","price":500.25}]'
INFO  2021-04-07 22:39:30.817 [http-nio-9999-exec-7] ProductController - Produtos encontrados:'[{"id":"99e3afee-40db-4132-b773-efca980fc4b0","name":"Produto do Brasil","description":"Descricao do produto: Basico","price":15.5},{"id":"2eefbe20-e848-4245-b7cd-084d7fd5e696","name":"Produto de Portugal","description":"Descricao do produto: Elite","price":45.5},{"id":"83bceded-4b90-46ea-80aa-e18952eb8eff","name":"Produto do Canada","description":"Descricao do produto: Elite","price":75.5},{"id":"1df838c8-1c30-45db-beb9-ae46aa0d658e","name":"Produto do Brasil","description":"Descricao do produto: Pro-Elite","price":99.9},{"id":"4996740c-8c3b-4ff7-bc6f-fb49045d0e77","name":"Produto de Konoha","description":"Descricao do produto: Pro-Elite","price":500.25}]'
INFO  2021-04-07 22:39:39.208 [http-nio-9999-exec-9] ProductController - Produtos encontrados:'[]'
INFO  2021-04-07 22:39:43.528 [http-nio-9999-exec-10] ProductController - Produtos encontrados:'[{"id":"99e3afee-40db-4132-b773-efca980fc4b0","name":"Produto do Brasil","description":"Descricao do produto: Basico","price":15.5}]'
INFO  2021-04-07 22:39:50.034 [http-nio-9999-exec-1] ProductController - Produtos encontrados:'[{"id":"99e3afee-40db-4132-b773-efca980fc4b0","name":"Produto do Brasil","description":"Descricao do produto: Basico","price":15.5},{"id":"2eefbe20-e848-4245-b7cd-084d7fd5e696","name":"Produto de Portugal","description":"Descricao do produto: Elite","price":45.5}]'
INFO  2021-04-07 22:39:55.488 [http-nio-9999-exec-2] ProductController - Produtos encontrados:'[{"id":"99e3afee-40db-4132-b773-efca980fc4b0","name":"Produto do Brasil","description":"Descricao do produto: Basico","price":15.5},{"id":"2eefbe20-e848-4245-b7cd-084d7fd5e696","name":"Produto de Portugal","description":"Descricao do produto: Elite","price":45.5}]'
INFO  2021-04-07 22:40:00.691 [http-nio-9999-exec-3] ProductController - Produtos encontrados:'[{"id":"2eefbe20-e848-4245-b7cd-084d7fd5e696","name":"Produto de Portugal","description":"Descricao do produto: Elite","price":45.5},{"id":"83bceded-4b90-46ea-80aa-e18952eb8eff","name":"Produto do Canada","description":"Descricao do produto: Elite","price":75.5},{"id":"1df838c8-1c30-45db-beb9-ae46aa0d658e","name":"Produto do Brasil","description":"Descricao do produto: Pro-Elite","price":99.9},{"id":"4996740c-8c3b-4ff7-bc6f-fb49045d0e77","name":"Produto de Konoha","description":"Descricao do produto: Pro-Elite","price":500.25}]'
INFO  2021-04-07 22:40:10.434 [http-nio-9999-exec-4] ProductController - Produtos encontrados:'[{"id":"d9b44adf-dff7-47f8-973c-093109ceb538","name":"Produto de Butantan","description":"Descricao do produto: Basico","price":5.5},{"id":"99e3afee-40db-4132-b773-efca980fc4b0","name":"Produto do Brasil","description":"Descricao do produto: Basico","price":15.5},{"id":"2eefbe20-e848-4245-b7cd-084d7fd5e696","name":"Produto de Portugal","description":"Descricao do produto: Elite","price":45.5},{"id":"83bceded-4b90-46ea-80aa-e18952eb8eff","name":"Produto do Canada","description":"Descricao do produto: Elite","price":75.5},{"id":"1df838c8-1c30-45db-beb9-ae46aa0d658e","name":"Produto do Brasil","description":"Descricao do produto: Pro-Elite","price":99.9},{"id":"4996740c-8c3b-4ff7-bc6f-fb49045d0e77","name":"Produto de Konoha","description":"Descricao do produto: Pro-Elite","price":500.25}]'
INFO  2021-04-07 22:40:25.344 [http-nio-9999-exec-5] ProductController - Produtos encontrados:'[{"id":"d9b44adf-dff7-47f8-973c-093109ceb538","name":"Produto de Butantan","description":"Descricao do produto: Basico","price":5.5},{"id":"99e3afee-40db-4132-b773-efca980fc4b0","name":"Produto do Brasil","description":"Descricao do produto: Basico","price":15.5}]'
INFO  2021-04-07 22:40:30.333 [http-nio-9999-exec-6] ProductController - Produtos encontrados:'[{"id":"99e3afee-40db-4132-b773-efca980fc4b0","name":"Produto do Brasil","description":"Descricao do produto: Basico","price":15.5}]'
INFO  2021-04-07 22:40:35.304 [http-nio-9999-exec-8] ProductController - Produtos encontrados:'[{"id":"d9b44adf-dff7-47f8-973c-093109ceb538","name":"Produto de Butantan","description":"Descricao do produto: Basico","price":5.5},{"id":"99e3afee-40db-4132-b773-efca980fc4b0","name":"Produto do Brasil","description":"Descricao do produto: Basico","price":15.5},{"id":"2eefbe20-e848-4245-b7cd-084d7fd5e696","name":"Produto de Portugal","description":"Descricao do produto: Elite","price":45.5},{"id":"83bceded-4b90-46ea-80aa-e18952eb8eff","name":"Produto do Canada","description":"Descricao do produto: Elite","price":75.5},{"id":"1df838c8-1c30-45db-beb9-ae46aa0d658e","name":"Produto do Brasil","description":"Descricao do produto: Pro-Elite","price":99.9},{"id":"4996740c-8c3b-4ff7-bc6f-fb49045d0e77","name":"Produto de Konoha","description":"Descricao do produto: Pro-Elite","price":500.25}]'
INFO  2021-04-07 22:40:50.450 [http-nio-9999-exec-7] ProductController - Produtos encontrados:'[{"id":"2eefbe20-e848-4245-b7cd-084d7fd5e696","name":"Produto de Portugal","description":"Descricao do produto: Elite","price":45.5}]'
INFO  2021-04-07 22:40:53.592 [http-nio-9999-exec-9] ProductController - Produtos encontrados:'[{"id":"d9b44adf-dff7-47f8-973c-093109ceb538","name":"Produto de Butantan","description":"Descricao do produto: Basico","price":5.5},{"id":"99e3afee-40db-4132-b773-efca980fc4b0","name":"Produto do Brasil","description":"Descricao do produto: Basico","price":15.5},{"id":"2eefbe20-e848-4245-b7cd-084d7fd5e696","name":"Produto de Portugal","description":"Descricao do produto: Elite","price":45.5},{"id":"83bceded-4b90-46ea-80aa-e18952eb8eff","name":"Produto do Canada","description":"Descricao do produto: Elite","price":75.5},{"id":"1df838c8-1c30-45db-beb9-ae46aa0d658e","name":"Produto do Brasil","description":"Descricao do produto: Pro-Elite","price":99.9},{"id":"4996740c-8c3b-4ff7-bc6f-fb49045d0e77","name":"Produto de Konoha","description":"Descricao do produto: Pro-Elite","price":500.25}]'
INFO  2021-04-07 22:41:29.251 [http-nio-9999-exec-10] ProductController - Produto com id '4996740c-8c3b-4ff7-bc6f-fb49045d0e77d' nao foi encontrado
INFO  2021-04-07 22:41:38.966 [http-nio-9999-exec-1] ProductController - Produto com id '4996740c-8c3b-4ff7-bc6f-fb49045d0e77' foi deletado com sucesso
INFO  2021-04-07 22:41:53.930 [http-nio-9999-exec-2] ProductController - Produtos encontrados:'[{"id":"d9b44adf-dff7-47f8-973c-093109ceb538","name":"Produto de Butantan","description":"Descricao do produto: Basico","price":5.5},{"id":"99e3afee-40db-4132-b773-efca980fc4b0","name":"Produto do Brasil","description":"Descricao do produto: Basico","price":15.5},{"id":"2eefbe20-e848-4245-b7cd-084d7fd5e696","name":"Produto de Portugal","description":"Descricao do produto: Elite","price":45.5},{"id":"83bceded-4b90-46ea-80aa-e18952eb8eff","name":"Produto do Canada","description":"Descricao do produto: Elite","price":75.5},{"id":"1df838c8-1c30-45db-beb9-ae46aa0d658e","name":"Produto do Brasil","description":"Descricao do produto: Pro-Elite","price":99.9}]'
INFO  2021-04-07 22:41:58.709 [http-nio-9999-exec-3] ProductController - Produtos encontrados:'[]'
INFO  2021-04-07 22:42:43.362 [http-nio-9999-exec-4] ProductController - Produto com id '4996740c-8c3b-4ff7-bc6f-fb49045d0e7f7' nao foi encontrado
INFO  2021-04-07 22:46:50.803 [http-nio-9999-exec-3] ProductController - Produtos encontrados na base de dados:'[]'
INFO  2021-04-07 22:46:58.837 [http-nio-9999-exec-4] ProductController - Produto com id 'd' nao foi encontrado
INFO  2021-04-07 22:47:18.457 [http-nio-9999-exec-5] ProductController - Produto salvo com sucesso: '{"id":"1c28d593-61e0-4bec-8d7e-7930f1b3ac46","name":"Product Name","description":"Product Description","price":10.5}'
INFO  2021-04-07 22:47:28.212 [http-nio-9999-exec-7] ProductController - Produtos encontrados na base de dados:'[{"id":"1c28d593-61e0-4bec-8d7e-7930f1b3ac46","name":"Product Name","description":"Product Description","price":10.5}]'
INFO  2021-04-07 22:47:33.002 [http-nio-9999-exec-8] ProductController - Produtos encontrados na base de dados:'{"value":{"id":"1c28d593-61e0-4bec-8d7e-7930f1b3ac46","name":"Product Name","description":"Product Description","price":10.5}}'
INFO  2021-04-07 22:47:57.262 [http-nio-9999-exec-1] ProductController - Dados do produto alterados com sucesso:'1'
INFO  2021-04-07 22:48:04.830 [http-nio-9999-exec-9] ProductController - Produtos encontrados na base de dados:'[{"id":"1c28d593-61e0-4bec-8d7e-7930f1b3ac46","name":"Product Name","description":"Product Description","price":50.5}]'
INFO  2021-04-07 22:48:10.642 [http-nio-9999-exec-2] ProductController - Produtos encontrados na base de dados:'{"value":{"id":"1c28d593-61e0-4bec-8d7e-7930f1b3ac46","name":"Product Name","description":"Product Description","price":50.5}}'
INFO  2021-04-07 22:48:21.421 [http-nio-9999-exec-3] ProductController - Produtos encontrados:'[{"id":"1c28d593-61e0-4bec-8d7e-7930f1b3ac46","name":"Product Name","description":"Product Description","price":50.5}]'
INFO  2021-04-07 22:48:30.424 [http-nio-9999-exec-4] ProductController - Produtos encontrados:'[{"id":"1c28d593-61e0-4bec-8d7e-7930f1b3ac46","name":"Product Name","description":"Product Description","price":50.5}]'
INFO  2021-04-07 22:48:39.958 [http-nio-9999-exec-5] ProductController - Produtos encontrados:'[]'
INFO  2021-04-07 22:48:43.754 [http-nio-9999-exec-6] ProductController - Produtos encontrados:'[{"id":"1c28d593-61e0-4bec-8d7e-7930f1b3ac46","name":"Product Name","description":"Product Description","price":50.5}]'
INFO  2021-04-07 22:48:52.610 [http-nio-9999-exec-7] ProductController - Produtos encontrados:'[]'
INFO  2021-04-07 22:48:55.423 [http-nio-9999-exec-8] ProductController - Produtos encontrados:'[]'
INFO  2021-04-07 22:49:01.153 [http-nio-9999-exec-10] ProductController - Produtos encontrados:'[{"id":"1c28d593-61e0-4bec-8d7e-7930f1b3ac46","name":"Product Name","description":"Product Description","price":50.5}]'
INFO  2021-04-07 22:49:04.140 [http-nio-9999-exec-1] ProductController - Produtos encontrados:'[{"id":"1c28d593-61e0-4bec-8d7e-7930f1b3ac46","name":"Product Name","description":"Product Description","price":50.5}]'
INFO  2021-04-07 22:49:04.926 [http-nio-9999-exec-9] ProductController - Produtos encontrados:'[{"id":"1c28d593-61e0-4bec-8d7e-7930f1b3ac46","name":"Product Name","description":"Product Description","price":50.5}]'
INFO  2021-04-08 09:21:05.724 [http-nio-9999-exec-2] ProductController - Produto salvo com sucesso: '{"id":"8e9a468b-dc09-474e-8f40-ce7f8b0bc466","name":"Produto do Brasil","description":"Descricao do produto: Basico","price":8.5}'
INFO  2021-04-08 09:58:33.286 [http-nio-9999-exec-2] ProductController - Produtos encontrados na base de dados:'[]'
INFO  2021-04-08 09:58:44.443 [http-nio-9999-exec-3] ProductController - Produtos encontrados na base de dados:'[]'
INFO  2021-04-08 09:58:49.021 [http-nio-9999-exec-4] ProductController - Produto com id '4996740c-8c3b-4ff7-bc6f-fb49045d0e77' nao foi encontrado
INFO  2021-04-08 09:58:50.492 [http-nio-9999-exec-5] ProductController - Produtos encontrados na base de dados:'[]'
INFO  2021-04-08 09:58:51.392 [http-nio-9999-exec-6] ProductController - Produtos encontrados na base de dados:'[]'
INFO  2021-04-08 09:58:53.216 [http-nio-9999-exec-7] ProductController - Produto com id '4996740c-8c3b-4ff7-bc6f-fb49045d0e77' nao foi encontrado
INFO  2021-04-08 09:58:55.398 [http-nio-9999-exec-8] ProductController - Produtos encontrados na base de dados:'[]'
INFO  2021-04-08 10:56:38.444 [main] ProductController - Produto com id 'another-id-that-doesnt-exists' nao foi encontrado
INFO  2021-04-08 10:56:38.785 [main] ProductController - Produto com id 'another-different-id' nao foi encontrado
INFO  2021-04-08 10:56:38.854 [main] ProductController - Produtos encontrados na base de dados:'{"value":{"id":"ecb759ee-36e4-48cc-be9b-c6c3b761afe4","name":"First product","description":"Description: test of product","price":10.5}}'
INFO  2021-04-08 10:56:38.893 [main] ProductController - Produtos encontrados na base de dados:'[{"id":"a12ee302-5c22-4f2a-b708-e4729ab1e68e","name":"First product","description":"Description: test of product","price":10.5},{"id":"2b22a364-8f65-4e08-b0a0-d3bda5991572","name":"Second product","description":"Description: New test of product","price":99.9}]'
INFO  2021-04-08 10:56:38.938 [main] ProductController - Produto com id 'db9bf083-9542-4b58-a256-7af88f8f9a91' foi deletado com sucesso
INFO  2021-04-08 10:56:38.954 [main] ProductController - Dados do produto alterados com sucesso:'1'
INFO  2021-04-08 10:56:38.984 [main] ProductController - Produtos encontrados:'[{"id":"865fe2ef-a9b8-4a7c-b7e6-bce110beae68","name":"Second product","description":"Description: New test of product","price":99.9}]'
INFO  2021-04-08 10:56:39.007 [main] ProductController - Produto salvo com sucesso: '{"id":"c2c251d2-00ee-4441-915b-e4f51ac7d4bd","name":"Test","description":"Description: test of product","price":10.5}'
INFO  2021-04-08 10:58:09.789 [main] ProductController - Produto com id 'another-id-that-doesnt-exists' nao foi encontrado
INFO  2021-04-08 10:58:10.112 [main] ProductController - Produto com id 'another-different-id' nao foi encontrado
INFO  2021-04-08 10:58:10.215 [main] ProductController - Produtos encontrados na base de dados:'{"value":{"id":"80311008-bd9a-42d4-9347-af9f8cec4277","name":"First product","description":"Description: test of product","price":10.5}}'
INFO  2021-04-08 10:58:10.257 [main] ProductController - Produtos encontrados na base de dados:'[{"id":"944c1f32-2852-449d-a7a6-0047a8387e58","name":"First product","description":"Description: test of product","price":10.5},{"id":"140fb782-fccc-41e4-9489-78c4f7f77909","name":"Second product","description":"Description: New test of product","price":99.9}]'
INFO  2021-04-08 10:58:10.322 [main] ProductController - Produto com id '50ef0d44-5ad1-4573-a319-4f6972db56f0' foi deletado com sucesso
INFO  2021-04-08 10:58:10.356 [main] ProductController - Dados do produto alterados com sucesso:'1'
INFO  2021-04-08 10:58:10.418 [main] ProductController - Produtos encontrados:'[{"id":"6e6a865c-3859-49b8-9706-e97941e752ca","name":"Second product","description":"Description: New test of product","price":99.9}]'
INFO  2021-04-08 10:58:10.446 [main] ProductController - Produto salvo com sucesso: '{"id":"ef3f7439-00f4-4f4e-958c-2cca257ad046","name":"Test","description":"Description: test of product","price":10.5}'
INFO  2021-04-08 10:58:56.704 [main] ProductController - Produto com id 'another-id-that-doesnt-exists' nao foi encontrado
INFO  2021-04-08 10:58:57.243 [main] ProductController - Produto com id 'another-different-id' nao foi encontrado
INFO  2021-04-08 10:58:57.332 [main] ProductController - Produtos encontrados na base de dados:'{"value":{"id":"f0761380-15da-441f-a751-509a286fffb7","name":"First product","description":"Description: test of product","price":10.5}}'
INFO  2021-04-08 10:58:57.383 [main] ProductController - Produtos encontrados na base de dados:'[{"id":"6e84324b-def2-42a8-8baf-fc57f05cc9e3","name":"First product","description":"Description: test of product","price":10.5},{"id":"1092cd0f-4aea-4be0-af35-c65894a13d5f","name":"Second product","description":"Description: New test of product","price":99.9}]'
INFO  2021-04-08 10:58:57.453 [main] ProductController - Produto com id 'b090e106-aa2d-492a-a9d0-d1b802594549' foi deletado com sucesso
INFO  2021-04-08 10:58:57.484 [main] ProductController - Dados do produto alterados com sucesso:'1'
INFO  2021-04-08 10:58:57.521 [main] ProductController - Produtos encontrados:'[{"id":"204e7e0b-28c4-4f80-8ac9-98b119dc8847","name":"Second product","description":"Description: New test of product","price":99.9}]'
INFO  2021-04-08 10:58:57.545 [main] ProductController - Produto salvo com sucesso: '{"id":"16022790-1e76-43c4-b2d6-991550fed7a8","name":"Test","description":"Description: test of product","price":10.5}'
INFO  2021-04-08 10:59:22.098 [main] ProductController - Produto com id 'another-id-that-doesnt-exists' nao foi encontrado
INFO  2021-04-08 10:59:22.407 [main] ProductController - Produto com id 'another-different-id' nao foi encontrado
INFO  2021-04-08 10:59:22.490 [main] ProductController - Produtos encontrados na base de dados:'{"value":{"id":"01a17edc-91f0-4860-9e97-463ce8109403","name":"First product","description":"Description: test of product","price":10.5}}'
INFO  2021-04-08 10:59:22.527 [main] ProductController - Produtos encontrados na base de dados:'[{"id":"91962899-1ad6-4560-8db9-83c3657270ab","name":"First product","description":"Description: test of product","price":10.5},{"id":"db904e09-082c-4e20-a1de-073da484d42c","name":"Second product","description":"Description: New test of product","price":99.9}]'
INFO  2021-04-08 10:59:22.569 [main] ProductController - Produto com id '6c465e2f-a983-4163-8a33-d3088ed58c7b' foi deletado com sucesso
INFO  2021-04-08 10:59:22.586 [main] ProductController - Dados do produto alterados com sucesso:'1'
INFO  2021-04-08 10:59:22.615 [main] ProductController - Produtos encontrados:'[{"id":"03861bfc-5b25-4027-b040-ec70e53204d8","name":"Second product","description":"Description: New test of product","price":99.9}]'
INFO  2021-04-08 10:59:22.638 [main] ProductController - Produto salvo com sucesso: '{"id":"804f7ef4-0272-459e-a4a0-8ce56c267685","name":"Test","description":"Description: test of product","price":10.5}'
INFO  2021-04-08 11:06:20.069 [http-nio-9999-exec-2] ProductController - Produto salvo com sucesso: '{"id":"68a008be-62cc-40f5-ba32-2c7486e16513","name":"Produto do Brasil","description":"Descricao do produto: Basico","price":8.5}'
INFO  2021-04-08 11:06:22.642 [http-nio-9999-exec-3] ProductController - Produtos encontrados na base de dados:'[{"id":"68a008be-62cc-40f5-ba32-2c7486e16513","name":"Produto do Brasil","description":"Descricao do produto: Basico","price":8.5}]'
INFO  2021-04-08 11:06:31.493 [http-nio-9999-exec-4] ProductController - Produto salvo com sucesso: '{"id":"7cf9a40f-deda-4755-b8be-8eb2852ebf09","name":"Produto do Mexico","description":"Descricao do produto: Basico","price":12.0}'
INFO  2021-04-08 11:06:42.731 [http-nio-9999-exec-5] ProductController - Produto salvo com sucesso: '{"id":"fbe9e80f-126e-454e-8446-202537796d5f","name":"Produto de Buntantan","description":"Descricao do produto: Elite","price":50.0}'
INFO  2021-04-08 11:06:50.850 [http-nio-9999-exec-6] ProductController - Produto salvo com sucesso: '{"id":"cfef11fc-b238-4b96-b998-7503bd052c37","name":"Produto do Chile","description":"Descricao do produto: Elite","price":85.5}'
INFO  2021-04-08 11:06:53.352 [http-nio-9999-exec-7] ProductController - Produtos encontrados na base de dados:'[{"id":"68a008be-62cc-40f5-ba32-2c7486e16513","name":"Produto do Brasil","description":"Descricao do produto: Basico","price":8.5},{"id":"7cf9a40f-deda-4755-b8be-8eb2852ebf09","name":"Produto do Mexico","description":"Descricao do produto: Basico","price":12.0},{"id":"fbe9e80f-126e-454e-8446-202537796d5f","name":"Produto de Buntantan","description":"Descricao do produto: Elite","price":50.0},{"id":"cfef11fc-b238-4b96-b998-7503bd052c37","name":"Produto do Chile","description":"Descricao do produto: Elite","price":85.5}]'
INFO  2021-04-08 11:07:08.954 [http-nio-9999-exec-8] ProductController - Produto com id 'cfef11fc-b238-4b96-b998-7503bd052c370' nao foi encontrado
INFO  2021-04-08 11:07:12.464 [http-nio-9999-exec-9] ProductController - Produtos encontrados na base de dados:'[{"id":"68a008be-62cc-40f5-ba32-2c7486e16513","name":"Produto do Brasil","description":"Descricao do produto: Basico","price":8.5},{"id":"7cf9a40f-deda-4755-b8be-8eb2852ebf09","name":"Produto do Mexico","description":"Descricao do produto: Basico","price":12.0},{"id":"fbe9e80f-126e-454e-8446-202537796d5f","name":"Produto de Buntantan","description":"Descricao do produto: Elite","price":50.0},{"id":"cfef11fc-b238-4b96-b998-7503bd052c37","name":"Produto do Chile","description":"Descricao do produto: Elite","price":85.5}]'
INFO  2021-04-08 11:07:20.382 [http-nio-9999-exec-10] ProductController - Produtos encontrados na base de dados:'{"value":{"id":"cfef11fc-b238-4b96-b998-7503bd052c37","name":"Produto do Chile","description":"Descricao do produto: Elite","price":85.5}}'
INFO  2021-04-08 11:07:23.526 [http-nio-9999-exec-1] ProductController - Produto com id 'cfef11fc-b238-4b96-b998-7503bd052c37g' nao foi encontrado
INFO  2021-04-08 11:07:25.500 [http-nio-9999-exec-2] ProductController - Produtos encontrados na base de dados:'{"value":{"id":"cfef11fc-b238-4b96-b998-7503bd052c37","name":"Produto do Chile","description":"Descricao do produto: Elite","price":85.5}}'
INFO  2021-04-08 11:08:00.629 [http-nio-9999-exec-3] ProductController - Produtos encontrados na base de dados:'[{"id":"68a008be-62cc-40f5-ba32-2c7486e16513","name":"Produto do Brasil","description":"Descricao do produto: Basico","price":8.5},{"id":"7cf9a40f-deda-4755-b8be-8eb2852ebf09","name":"Produto do Mexico","description":"Descricao do produto: Basico","price":12.0},{"id":"fbe9e80f-126e-454e-8446-202537796d5f","name":"Produto de Buntantan","description":"Descricao do produto: Elite","price":50.0},{"id":"cfef11fc-b238-4b96-b998-7503bd052c37","name":"Produto do Chile","description":"Descricao do produto: Elite","price":85.5}]'
INFO  2021-04-08 11:08:25.712 [http-nio-9999-exec-4] ProductController - Dados do produto alterados com sucesso:'1'
INFO  2021-04-08 11:08:36.583 [http-nio-9999-exec-5] ProductController - Produtos encontrados na base de dados:'{"value":{"id":"cfef11fc-b238-4b96-b998-7503bd052c37","name":"Produto do Chile","description":"Descricao do produto: Elite","price":85.5}}'
INFO  2021-04-08 11:08:51.452 [http-nio-9999-exec-6] ProductController - Produtos encontrados na base de dados:'{"value":{"id":"7cf9a40f-deda-4755-b8be-8eb2852ebf09","name":"Produto de Konoha","description":"Descricao do produto: Basico","price":37.8}}'
INFO  2021-04-08 11:08:56.227 [http-nio-9999-exec-7] ProductController - Produtos encontrados na base de dados:'[{"id":"68a008be-62cc-40f5-ba32-2c7486e16513","name":"Produto do Brasil","description":"Descricao do produto: Basico","price":8.5},{"id":"7cf9a40f-deda-4755-b8be-8eb2852ebf09","name":"Produto de Konoha","description":"Descricao do produto: Basico","price":37.8},{"id":"fbe9e80f-126e-454e-8446-202537796d5f","name":"Produto de Buntantan","description":"Descricao do produto: Elite","price":50.0},{"id":"cfef11fc-b238-4b96-b998-7503bd052c37","name":"Produto do Chile","description":"Descricao do produto: Elite","price":85.5}]'
INFO  2021-04-08 11:09:39.639 [http-nio-9999-exec-3] ProductController - Produtos encontrados:'[]'
INFO  2021-04-08 11:09:41.067 [http-nio-9999-exec-2] ProductController - Produtos encontrados:'[{"id":"fbe9e80f-126e-454e-8446-202537796d5f","name":"Produto de Buntantan","description":"Descricao do produto: Elite","price":50.0}]'
INFO  2021-04-08 11:10:10.437 [http-nio-9999-exec-10] ProductController - Produtos encontrados:'[{"id":"7cf9a40f-deda-4755-b8be-8eb2852ebf09","name":"Produto de Konoha","description":"Descricao do produto: Basico","price":37.8},{"id":"fbe9e80f-126e-454e-8446-202537796d5f","name":"Produto de Buntantan","description":"Descricao do produto: Elite","price":50.0}]'
INFO  2021-04-08 11:10:16.325 [http-nio-9999-exec-1] ProductController - Produtos encontrados:'[{"id":"7cf9a40f-deda-4755-b8be-8eb2852ebf09","name":"Produto de Konoha","description":"Descricao do produto: Basico","price":37.8},{"id":"fbe9e80f-126e-454e-8446-202537796d5f","name":"Produto de Buntantan","description":"Descricao do produto: Elite","price":50.0}]'
INFO  2021-04-08 11:10:24.771 [http-nio-9999-exec-3] ProductController - Produtos encontrados:'[{"id":"7cf9a40f-deda-4755-b8be-8eb2852ebf09","name":"Produto de Konoha","description":"Descricao do produto: Basico","price":37.8}]'
INFO  2021-04-08 11:10:29.615 [http-nio-9999-exec-2] ProductController - Produtos encontrados:'[{"id":"fbe9e80f-126e-454e-8446-202537796d5f","name":"Produto de Buntantan","description":"Descricao do produto: Elite","price":50.0}]'
INFO  2021-04-08 11:10:32.629 [http-nio-9999-exec-9] ProductController - Produtos encontrados:'[{"id":"7cf9a40f-deda-4755-b8be-8eb2852ebf09","name":"Produto de Konoha","description":"Descricao do produto: Basico","price":37.8},{"id":"fbe9e80f-126e-454e-8446-202537796d5f","name":"Produto de Buntantan","description":"Descricao do produto: Elite","price":50.0}]'
INFO  2021-04-08 11:10:41.276 [http-nio-9999-exec-8] ProductController - Produtos encontrados:'[{"id":"fbe9e80f-126e-454e-8446-202537796d5f","name":"Produto de Buntantan","description":"Descricao do produto: Elite","price":50.0},{"id":"cfef11fc-b238-4b96-b998-7503bd052c37","name":"Produto do Chile","description":"Descricao do produto: Elite","price":85.5}]'
INFO  2021-04-08 11:11:01.216 [http-nio-9999-exec-7] ProductController - Produtos encontrados:'[{"id":"68a008be-62cc-40f5-ba32-2c7486e16513","name":"Produto do Brasil","description":"Descricao do produto: Basico","price":8.5},{"id":"7cf9a40f-deda-4755-b8be-8eb2852ebf09","name":"Produto de Konoha","description":"Descricao do produto: Basico","price":37.8},{"id":"fbe9e80f-126e-454e-8446-202537796d5f","name":"Produto de Buntantan","description":"Descricao do produto: Elite","price":50.0}]'
INFO  2021-04-08 11:11:07.316 [http-nio-9999-exec-5] ProductController - Produtos encontrados:'[{"id":"fbe9e80f-126e-454e-8446-202537796d5f","name":"Produto de Buntantan","description":"Descricao do produto: Elite","price":50.0}]'
INFO  2021-04-08 11:11:13.839 [http-nio-9999-exec-4] ProductController - Produtos encontrados:'[]'
INFO  2021-04-08 11:11:20.214 [http-nio-9999-exec-6] ProductController - Produtos encontrados:'[{"id":"fbe9e80f-126e-454e-8446-202537796d5f","name":"Produto de Buntantan","description":"Descricao do produto: Elite","price":50.0},{"id":"cfef11fc-b238-4b96-b998-7503bd052c37","name":"Produto do Chile","description":"Descricao do produto: Elite","price":85.5}]'
INFO  2021-04-08 11:11:47.228 [http-nio-9999-exec-10] ProductController - Produto com id '7cf9a40f-deda-4755-b8be-8eb2852ebf09' foi deletado com sucesso
INFO  2021-04-08 11:11:50.455 [http-nio-9999-exec-1] ProductController - Produto com id '7cf9a40f-deda-4755-b8be-8eb2852ebcf09' nao foi encontrado
INFO  2021-04-08 11:12:10.003 [http-nio-9999-exec-3] ProductController - Produtos encontrados:'[{"id":"68a008be-62cc-40f5-ba32-2c7486e16513","name":"Produto do Brasil","description":"Descricao do produto: Basico","price":8.5}]'
INFO  2021-04-08 11:12:16.598 [http-nio-9999-exec-2] ProductController - Produtos encontrados:'[]'
INFO  2021-04-08 11:12:26.011 [http-nio-9999-exec-9] ProductController - Produtos encontrados:'[]'
INFO  2021-04-08 11:12:30.049 [http-nio-9999-exec-8] ProductController - Produtos encontrados:'[{"id":"68a008be-62cc-40f5-ba32-2c7486e16513","name":"Produto do Brasil","description":"Descricao do produto: Basico","price":8.5},{"id":"fbe9e80f-126e-454e-8446-202537796d5f","name":"Produto de Buntantan","description":"Descricao do produto: Elite","price":50.0},{"id":"cfef11fc-b238-4b96-b998-7503bd052c37","name":"Produto do Chile","description":"Descricao do produto: Elite","price":85.5}]'
INFO  2021-04-08 11:12:32.465 [http-nio-9999-exec-7] ProductController - Produtos encontrados:'[{"id":"68a008be-62cc-40f5-ba32-2c7486e16513","name":"Produto do Brasil","description":"Descricao do produto: Basico","price":8.5},{"id":"fbe9e80f-126e-454e-8446-202537796d5f","name":"Produto de Buntantan","description":"Descricao do produto: Elite","price":50.0},{"id":"cfef11fc-b238-4b96-b998-7503bd052c37","name":"Produto do Chile","description":"Descricao do produto: Elite","price":85.5}]'
INFO  2021-04-08 11:12:42.045 [http-nio-9999-exec-5] ProductController - Produto com id 'cfef11fc-b238-4b96-b998-7503bd052c37' foi deletado com sucesso
INFO  2021-04-08 11:12:45.677 [http-nio-9999-exec-4] ProductController - Produtos encontrados:'[{"id":"68a008be-62cc-40f5-ba32-2c7486e16513","name":"Produto do Brasil","description":"Descricao do produto: Basico","price":8.5},{"id":"fbe9e80f-126e-454e-8446-202537796d5f","name":"Produto de Buntantan","description":"Descricao do produto: Elite","price":50.0}]'
INFO  2021-04-08 11:13:10.156 [http-nio-9999-exec-2] ProductController - Produtos encontrados na base de dados:'{"value":{"id":"68a008be-62cc-40f5-ba32-2c7486e16513","name":"Produto do Brasil","description":"Descricao do produto: Basico","price":8.5}}'
INFO  2021-04-08 11:13:18.446 [http-nio-9999-exec-9] ProductController - Produtos encontrados na base de dados:'{"value":{"id":"fbe9e80f-126e-454e-8446-202537796d5f","name":"Produto de Buntantan","description":"Descricao do produto: Elite","price":50.0}}'
INFO  2021-04-08 11:13:22.393 [http-nio-9999-exec-8] ProductController - Produto com id 'fbe9e80f-126e-454e-8446-202537796d5f' foi deletado com sucesso
INFO  2021-04-08 11:13:25.170 [http-nio-9999-exec-7] ProductController - Produto com id 'fbe9e80f-126e-454e-8446-202537796d5f' nao foi encontrado
INFO  2021-04-08 11:13:27.292 [http-nio-9999-exec-5] ProductController - Produto com id '7cf9a40f-deda-4755-b8be-8eb2852ebf09' nao foi encontrado
INFO  2021-04-08 11:13:28.023 [http-nio-9999-exec-4] ProductController - Produto com id '7cf9a40f-deda-4755-b8be-8eb2852ebf09' nao foi encontrado
INFO  2021-04-08 11:13:35.265 [http-nio-9999-exec-6] ProductController - Produto com id 'fbe9e80f-126e-454e-8446-202537796d5f' nao foi encontrado
INFO  2021-04-08 11:13:39.452 [http-nio-9999-exec-10] ProductController - Produtos encontrados na base de dados:'[{"id":"68a008be-62cc-40f5-ba32-2c7486e16513","name":"Produto do Brasil","description":"Descricao do produto: Basico","price":8.5}]'
INFO  2021-04-08 11:13:54.434 [http-nio-9999-exec-2] ProductController - Dados do produto alterados com sucesso:'1'
INFO  2021-04-08 11:13:57.582 [http-nio-9999-exec-9] ProductController - Produto com id 'fbe9e80f-126e-454e-8446-202537796d5f' nao foi encontrado
INFO  2021-04-08 11:14:02.669 [http-nio-9999-exec-8] ProductController - Produtos encontrados na base de dados:'{"value":{"id":"68a008be-62cc-40f5-ba32-2c7486e16513","name":"Produto de Sucesso","description":"Descricao do produto: Pode enviar","price":37.8}}'
INFO  2021-04-08 11:14:05.487 [http-nio-9999-exec-7] ProductController - Produtos encontrados na base de dados:'[{"id":"68a008be-62cc-40f5-ba32-2c7486e16513","name":"Produto de Sucesso","description":"Descricao do produto: Pode enviar","price":37.8}]'
INFO  2021-04-08 11:14:06.211 [http-nio-9999-exec-5] ProductController - Produtos encontrados na base de dados:'[{"id":"68a008be-62cc-40f5-ba32-2c7486e16513","name":"Produto de Sucesso","description":"Descricao do produto: Pode enviar","price":37.8}]'
INFO  2021-04-08 11:14:14.825 [http-nio-9999-exec-4] ProductController - Produto salvo com sucesso: '{"id":"535512c8-8c64-48e0-8925-f8218cba1e35","name":"Produto do Brasil","description":"Descricao do produto: Elite","price":85.5}'
INFO  2021-04-08 11:14:17.307 [http-nio-9999-exec-6] ProductController - Produtos encontrados na base de dados:'[{"id":"68a008be-62cc-40f5-ba32-2c7486e16513","name":"Produto de Sucesso","description":"Descricao do produto: Pode enviar","price":37.8},{"id":"535512c8-8c64-48e0-8925-f8218cba1e35","name":"Produto do Brasil","description":"Descricao do produto: Elite","price":85.5}]'
INFO  2021-04-08 11:14:26.243 [http-nio-9999-exec-10] ProductController - Produtos encontrados:'[{"id":"535512c8-8c64-48e0-8925-f8218cba1e35","name":"Produto do Brasil","description":"Descricao do produto: Elite","price":85.5}]'
INFO  2021-04-08 11:14:28.999 [http-nio-9999-exec-1] ProductController - Produtos encontrados:'[{"id":"68a008be-62cc-40f5-ba32-2c7486e16513","name":"Produto de Sucesso","description":"Descricao do produto: Pode enviar","price":37.8},{"id":"535512c8-8c64-48e0-8925-f8218cba1e35","name":"Produto do Brasil","description":"Descricao do produto: Elite","price":85.5}]'
INFO  2021-04-08 11:14:31.126 [http-nio-9999-exec-3] ProductController - Produtos encontrados:'[{"id":"68a008be-62cc-40f5-ba32-2c7486e16513","name":"Produto de Sucesso","description":"Descricao do produto: Pode enviar","price":37.8},{"id":"535512c8-8c64-48e0-8925-f8218cba1e35","name":"Produto do Brasil","description":"Descricao do produto: Elite","price":85.5}]'
INFO  2021-04-08 11:14:38.861 [http-nio-9999-exec-2] ProductController - Produtos encontrados:'[{"id":"535512c8-8c64-48e0-8925-f8218cba1e35","name":"Produto do Brasil","description":"Descricao do produto: Elite","price":85.5}]'
INFO  2021-04-08 11:14:40.826 [http-nio-9999-exec-9] ProductController - Produtos encontrados:'[{"id":"68a008be-62cc-40f5-ba32-2c7486e16513","name":"Produto de Sucesso","description":"Descricao do produto: Pode enviar","price":37.8},{"id":"535512c8-8c64-48e0-8925-f8218cba1e35","name":"Produto do Brasil","description":"Descricao do produto: Elite","price":85.5}]'
INFO  2021-04-08 11:14:48.282 [http-nio-9999-exec-8] ProductController - Produtos encontrados:'[{"id":"68a008be-62cc-40f5-ba32-2c7486e16513","name":"Produto de Sucesso","description":"Descricao do produto: Pode enviar","price":37.8}]'
INFO  2021-04-08 11:14:53.010 [http-nio-9999-exec-7] ProductController - Produtos encontrados:'[{"id":"68a008be-62cc-40f5-ba32-2c7486e16513","name":"Produto de Sucesso","description":"Descricao do produto: Pode enviar","price":37.8},{"id":"535512c8-8c64-48e0-8925-f8218cba1e35","name":"Produto do Brasil","description":"Descricao do produto: Elite","price":85.5}]'
INFO  2021-04-08 11:14:55.697 [http-nio-9999-exec-5] ProductController - Produtos encontrados:'[{"id":"68a008be-62cc-40f5-ba32-2c7486e16513","name":"Produto de Sucesso","description":"Descricao do produto: Pode enviar","price":37.8},{"id":"535512c8-8c64-48e0-8925-f8218cba1e35","name":"Produto do Brasil","description":"Descricao do produto: Elite","price":85.5}]'
INFO  2021-04-08 11:15:01.201 [http-nio-9999-exec-4] ProductController - Produtos encontrados:'[{"id":"68a008be-62cc-40f5-ba32-2c7486e16513","name":"Produto de Sucesso","description":"Descricao do produto: Pode enviar","price":37.8},{"id":"535512c8-8c64-48e0-8925-f8218cba1e35","name":"Produto do Brasil","description":"Descricao do produto: Elite","price":85.5}]'
INFO  2021-04-08 11:15:07.279 [http-nio-9999-exec-6] ProductController - Produtos encontrados:'[{"id":"68a008be-62cc-40f5-ba32-2c7486e16513","name":"Produto de Sucesso","description":"Descricao do produto: Pode enviar","price":37.8}]'
INFO  2021-04-08 11:15:10.498 [http-nio-9999-exec-10] ProductController - Produtos encontrados:'[{"id":"68a008be-62cc-40f5-ba32-2c7486e16513","name":"Produto de Sucesso","description":"Descricao do produto: Pode enviar","price":37.8},{"id":"535512c8-8c64-48e0-8925-f8218cba1e35","name":"Produto do Brasil","description":"Descricao do produto: Elite","price":85.5}]'
INFO  2021-04-08 11:15:14.667 [http-nio-9999-exec-1] ProductController - Produtos encontrados:'[{"id":"535512c8-8c64-48e0-8925-f8218cba1e35","name":"Produto do Brasil","description":"Descricao do produto: Elite","price":85.5}]'
INFO  2021-04-08 11:15:17.667 [http-nio-9999-exec-3] ProductController - Produtos encontrados:'[{"id":"535512c8-8c64-48e0-8925-f8218cba1e35","name":"Produto do Brasil","description":"Descricao do produto: Elite","price":85.5}]'
INFO  2021-04-08 11:15:20.356 [http-nio-9999-exec-2] ProductController - Produtos encontrados:'[{"id":"68a008be-62cc-40f5-ba32-2c7486e16513","name":"Produto de Sucesso","description":"Descricao do produto: Pode enviar","price":37.8}]'
INFO  2021-04-08 11:15:22.300 [http-nio-9999-exec-9] ProductController - Produtos encontrados:'[]'
INFO  2021-04-08 11:15:24.300 [http-nio-9999-exec-8] ProductController - Produtos encontrados:'[]'
INFO  2021-04-08 11:15:32.558 [http-nio-9999-exec-7] ProductController - Produtos encontrados na base de dados:'{"value":{"id":"68a008be-62cc-40f5-ba32-2c7486e16513","name":"Produto de Sucesso","description":"Descricao do produto: Pode enviar","price":37.8}}'
INFO  2021-04-08 11:15:37.055 [http-nio-9999-exec-5] ProductController - Produtos encontrados na base de dados:'[{"id":"68a008be-62cc-40f5-ba32-2c7486e16513","name":"Produto de Sucesso","description":"Descricao do produto: Pode enviar","price":37.8},{"id":"535512c8-8c64-48e0-8925-f8218cba1e35","name":"Produto do Brasil","description":"Descricao do produto: Elite","price":85.5}]'
INFO  2021-04-08 11:15:50.045 [http-nio-9999-exec-4] ProductController - Produtos encontrados:'[{"id":"535512c8-8c64-48e0-8925-f8218cba1e35","name":"Produto do Brasil","description":"Descricao do produto: Elite","price":85.5}]'
INFO  2021-04-08 11:15:53.796 [http-nio-9999-exec-6] ProductController - Produtos encontrados:'[{"id":"535512c8-8c64-48e0-8925-f8218cba1e35","name":"Produto do Brasil","description":"Descricao do produto: Elite","price":85.5}]'
INFO  2021-04-08 11:15:59.528 [http-nio-9999-exec-10] ProductController - Produtos encontrados:'[{"id":"535512c8-8c64-48e0-8925-f8218cba1e35","name":"Produto do Brasil","description":"Descricao do produto: Elite","price":85.5}]'
INFO  2021-04-08 11:16:02.404 [http-nio-9999-exec-1] ProductController - Produtos encontrados:'[{"id":"535512c8-8c64-48e0-8925-f8218cba1e35","name":"Produto do Brasil","description":"Descricao do produto: Elite","price":85.5}]'
INFO  2021-04-08 11:16:06.549 [http-nio-9999-exec-3] ProductController - Produtos encontrados:'[{"id":"68a008be-62cc-40f5-ba32-2c7486e16513","name":"Produto de Sucesso","description":"Descricao do produto: Pode enviar","price":37.8},{"id":"535512c8-8c64-48e0-8925-f8218cba1e35","name":"Produto do Brasil","description":"Descricao do produto: Elite","price":85.5}]'
INFO  2021-04-08 11:16:18.736 [http-nio-9999-exec-2] ProductController - Produtos encontrados:'[{"id":"68a008be-62cc-40f5-ba32-2c7486e16513","name":"Produto de Sucesso","description":"Descricao do produto: Pode enviar","price":37.8},{"id":"535512c8-8c64-48e0-8925-f8218cba1e35","name":"Produto do Brasil","description":"Descricao do produto: Elite","price":85.5}]'
INFO  2021-04-08 11:16:27.302 [http-nio-9999-exec-9] ProductController - Produtos encontrados:'[{"id":"68a008be-62cc-40f5-ba32-2c7486e16513","name":"Produto de Sucesso","description":"Descricao do produto: Pode enviar","price":37.8},{"id":"535512c8-8c64-48e0-8925-f8218cba1e35","name":"Produto do Brasil","description":"Descricao do produto: Elite","price":85.5}]'
